This file contains any messages produced by compilers while
running configure, to aid debugging if configure makes a mistake.

It was created by RtAudio configure 5.1.0, which was
generated by GNU Autoconf 2.69.  Invocation command line was

  $ ./configure --enable-maintainer-mode --enable-debug --disable-silent-rules

## --------- ##
## Platform. ##
## --------- ##

hostname = realtimepi
uname -m = armv7l
uname -r = 4.19.59-v7+
uname -s = Linux
uname -v = #1246 SMP Tue Jul 23 19:18:42 BST 2019

/usr/bin/uname -p = unknown
/bin/uname -X     = unknown

/bin/arch              = unknown
/usr/bin/arch -k       = unknown
/usr/convex/getsysinfo = unknown
/usr/bin/hostinfo      = unknown
/bin/machine           = unknown
/usr/bin/oslevel       = unknown
/bin/universe          = unknown

PATH: /usr/local/sbin
PATH: /usr/local/bin
PATH: /usr/sbin
PATH: /usr/bin
PATH: /sbin
PATH: /bin
PATH: /usr/local/games
PATH: /usr/games


## ----------- ##
## Core tests. ##
## ----------- ##

configure:2490: checking for a BSD-compatible install
configure:2558: result: /usr/bin/install -c
configure:2569: checking whether build environment is sane
configure:2624: result: yes
configure:2775: checking for a thread-safe mkdir -p
configure:2814: result: /bin/mkdir -p
configure:2821: checking for gawk
configure:2851: result: no
configure:2821: checking for mawk
configure:2837: found /usr/bin/mawk
configure:2848: result: mawk
configure:2859: checking whether make sets $(MAKE)
configure:2881: result: yes
configure:2910: checking whether make supports nested variables
configure:2927: result: yes
configure:3141: checking that version numbers are coherent
configure:3155: result: yes
configure:3161: checking whether to enable maintainer-specific portions of Makefiles
configure:3170: result: yes
configure:3194: checking whether make supports nested variables
configure:3211: result: yes
configure:3296: checking for g++
configure:3312: found /usr/bin/g++
configure:3323: result: g++
configure:3350: checking for C++ compiler version
configure:3359: g++ --version >&5
g++ (Raspbian 6.3.0-18+rpi1+deb9u1) 6.3.0 20170516
Copyright (C) 2016 Free Software Foundation, Inc.
This is free software; see the source for copying conditions.  There is NO
warranty; not even for MERCHANTABILITY or FITNESS FOR A PARTICULAR PURPOSE.

configure:3370: $? = 0
configure:3359: g++ -v >&5
Using built-in specs.
COLLECT_GCC=g++
COLLECT_LTO_WRAPPER=/usr/lib/gcc/arm-linux-gnueabihf/6/lto-wrapper
Target: arm-linux-gnueabihf
Configured with: ../src/configure -v --with-pkgversion='Raspbian 6.3.0-18+rpi1+deb9u1' --with-bugurl=file:///usr/share/doc/gcc-6/README.Bugs --enable-languages=c,ada,c++,java,go,d,fortran,objc,obj-c++ --prefix=/usr --program-suffix=-6 --program-prefix=arm-linux-gnueabihf- --enable-shared --enable-linker-build-id --libexecdir=/usr/lib --without-included-gettext --enable-threads=posix --libdir=/usr/lib --enable-nls --with-sysroot=/ --enable-clocale=gnu --enable-libstdcxx-debug --enable-libstdcxx-time=yes --with-default-libstdcxx-abi=new --enable-gnu-unique-object --disable-libitm --disable-libquadmath --enable-plugin --with-system-zlib --disable-browser-plugin --enable-java-awt=gtk --enable-gtk-cairo --with-java-home=/usr/lib/jvm/java-1.5.0-gcj-6-armhf/jre --enable-java-home --with-jvm-root-dir=/usr/lib/jvm/java-1.5.0-gcj-6-armhf --with-jvm-jar-dir=/usr/lib/jvm-exports/java-1.5.0-gcj-6-armhf --with-arch-directory=arm --with-ecj-jar=/usr/share/java/eclipse-ecj.jar --with-target-system-zlib --enable-objc-gc=auto --enable-multiarch --disable-sjlj-exceptions --with-arch=armv6 --with-fpu=vfp --with-float=hard --enable-checking=release --build=arm-linux-gnueabihf --host=arm-linux-gnueabihf --target=arm-linux-gnueabihf
Thread model: posix
gcc version 6.3.0 20170516 (Raspbian 6.3.0-18+rpi1+deb9u1) 
configure:3370: $? = 0
configure:3359: g++ -V >&5
g++: error: unrecognized command line option '-V'
g++: fatal error: no input files
compilation terminated.
configure:3370: $? = 1
configure:3359: g++ -qversion >&5
g++: error: unrecognized command line option '-qversion'; did you mean '--version'?
g++: fatal error: no input files
compilation terminated.
configure:3370: $? = 1
configure:3390: checking whether the C++ compiler works
configure:3412: g++    conftest.cpp  >&5
configure:3416: $? = 0
configure:3464: result: yes
configure:3467: checking for C++ compiler default output file name
configure:3469: result: a.out
configure:3475: checking for suffix of executables
configure:3482: g++ -o conftest    conftest.cpp  >&5
configure:3486: $? = 0
configure:3508: result: 
configure:3530: checking whether we are cross compiling
configure:3538: g++ -o conftest    conftest.cpp  >&5
configure:3542: $? = 0
configure:3549: ./conftest
configure:3553: $? = 0
configure:3568: result: no
configure:3573: checking for suffix of object files
configure:3595: g++ -c   conftest.cpp >&5
configure:3599: $? = 0
configure:3620: result: o
configure:3624: checking whether we are using the GNU C++ compiler
configure:3643: g++ -c   conftest.cpp >&5
configure:3643: $? = 0
configure:3652: result: yes
configure:3661: checking whether g++ accepts -g
configure:3681: g++ -c -g  conftest.cpp >&5
configure:3681: $? = 0
configure:3722: result: yes
configure:3756: checking for style of include used by make
configure:3784: result: GNU
configure:3810: checking dependency style of g++
configure:3921: result: gcc3
configure:3984: checking for gcc
configure:4000: found /usr/bin/gcc
configure:4011: result: gcc
configure:4240: checking for C compiler version
configure:4249: gcc --version >&5
gcc (Raspbian 6.3.0-18+rpi1+deb9u1) 6.3.0 20170516
Copyright (C) 2016 Free Software Foundation, Inc.
This is free software; see the source for copying conditions.  There is NO
warranty; not even for MERCHANTABILITY or FITNESS FOR A PARTICULAR PURPOSE.

configure:4260: $? = 0
configure:4249: gcc -v >&5
Using built-in specs.
COLLECT_GCC=gcc
COLLECT_LTO_WRAPPER=/usr/lib/gcc/arm-linux-gnueabihf/6/lto-wrapper
Target: arm-linux-gnueabihf
Configured with: ../src/configure -v --with-pkgversion='Raspbian 6.3.0-18+rpi1+deb9u1' --with-bugurl=file:///usr/share/doc/gcc-6/README.Bugs --enable-languages=c,ada,c++,java,go,d,fortran,objc,obj-c++ --prefix=/usr --program-suffix=-6 --program-prefix=arm-linux-gnueabihf- --enable-shared --enable-linker-build-id --libexecdir=/usr/lib --without-included-gettext --enable-threads=posix --libdir=/usr/lib --enable-nls --with-sysroot=/ --enable-clocale=gnu --enable-libstdcxx-debug --enable-libstdcxx-time=yes --with-default-libstdcxx-abi=new --enable-gnu-unique-object --disable-libitm --disable-libquadmath --enable-plugin --with-system-zlib --disable-browser-plugin --enable-java-awt=gtk --enable-gtk-cairo --with-java-home=/usr/lib/jvm/java-1.5.0-gcj-6-armhf/jre --enable-java-home --with-jvm-root-dir=/usr/lib/jvm/java-1.5.0-gcj-6-armhf --with-jvm-jar-dir=/usr/lib/jvm-exports/java-1.5.0-gcj-6-armhf --with-arch-directory=arm --with-ecj-jar=/usr/share/java/eclipse-ecj.jar --with-target-system-zlib --enable-objc-gc=auto --enable-multiarch --disable-sjlj-exceptions --with-arch=armv6 --with-fpu=vfp --with-float=hard --enable-checking=release --build=arm-linux-gnueabihf --host=arm-linux-gnueabihf --target=arm-linux-gnueabihf
Thread model: posix
gcc version 6.3.0 20170516 (Raspbian 6.3.0-18+rpi1+deb9u1) 
configure:4260: $? = 0
configure:4249: gcc -V >&5
gcc: error: unrecognized command line option '-V'
gcc: fatal error: no input files
compilation terminated.
configure:4260: $? = 1
configure:4249: gcc -qversion >&5
gcc: error: unrecognized command line option '-qversion'; did you mean '--version'?
gcc: fatal error: no input files
compilation terminated.
configure:4260: $? = 1
configure:4264: checking whether we are using the GNU C compiler
configure:4283: gcc -c   conftest.c >&5
configure:4283: $? = 0
configure:4292: result: yes
configure:4301: checking whether gcc accepts -g
configure:4321: gcc -c -g  conftest.c >&5
configure:4321: $? = 0
configure:4362: result: yes
configure:4379: checking for gcc option to accept ISO C89
configure:4442: gcc  -c -g -O2  conftest.c >&5
configure:4442: $? = 0
configure:4455: result: none needed
configure:4480: checking whether gcc understands -c and -o together
configure:4502: gcc -c conftest.c -o conftest2.o
configure:4505: $? = 0
configure:4502: gcc -c conftest.c -o conftest2.o
configure:4505: $? = 0
configure:4517: result: yes
configure:4536: checking dependency style of gcc
configure:4647: result: gcc3
configure:4712: checking for ar
configure:4728: found /usr/bin/ar
configure:4739: result: ar
configure:4765: checking the archiver (ar) interface
configure:4781: gcc -c -g -O2  conftest.c >&5
configure:4781: $? = 0
configure:4783: ar cru libconftest.a conftest.o >&5
ar: `u' modifier ignored since `D' is the default (see `U')
configure:4786: $? = 0
configure:4814: result: ar
configure:4836: checking for ar
configure:4854: found /usr/bin/ar
configure:4867: result: /usr/bin/ar
configure:4911: checking build system type
configure:4925: result: armv7l-unknown-linux-gnueabihf
configure:4945: checking host system type
configure:4958: result: armv7l-unknown-linux-gnueabihf
configure:4999: checking how to print strings
configure:5026: result: printf
configure:5047: checking for a sed that does not truncate output
configure:5111: result: /bin/sed
configure:5129: checking for grep that handles long lines and -e
configure:5187: result: /bin/grep
configure:5192: checking for egrep
configure:5254: result: /bin/grep -E
configure:5259: checking for fgrep
configure:5321: result: /bin/grep -F
configure:5356: checking for ld used by gcc
configure:5423: result: /usr/bin/ld
configure:5430: checking if the linker (/usr/bin/ld) is GNU ld
configure:5445: result: yes
configure:5457: checking for BSD- or MS-compatible name lister (nm)
configure:5511: result: /usr/bin/nm -B
configure:5641: checking the name lister (/usr/bin/nm -B) interface
configure:5648: gcc -c -g -O2  conftest.c >&5
configure:5651: /usr/bin/nm -B "conftest.o"
configure:5654: output
00000000 B some_variable
configure:5661: result: BSD nm
configure:5664: checking whether ln -s works
configure:5668: result: yes
configure:5676: checking the maximum length of command line arguments
configure:5807: result: 1572864
configure:5855: checking how to convert armv7l-unknown-linux-gnueabihf file names to armv7l-unknown-linux-gnueabihf format
configure:5895: result: func_convert_file_noop
configure:5902: checking how to convert armv7l-unknown-linux-gnueabihf file names to toolchain format
configure:5922: result: func_convert_file_noop
configure:5929: checking for /usr/bin/ld option to reload object files
configure:5936: result: -r
configure:6010: checking for objdump
configure:6026: found /usr/bin/objdump
configure:6037: result: objdump
configure:6066: checking how to recognize dependent libraries
configure:6266: result: pass_all
configure:6351: checking for dlltool
configure:6381: result: no
configure:6408: checking how to associate runtime and link libraries
configure:6435: result: printf %s\n
configure:6559: checking for archiver @FILE support
configure:6576: gcc -c -g -O2  conftest.c >&5
configure:6576: $? = 0
configure:6579: /usr/bin/ar cru libconftest.a @conftest.lst >&5
/usr/bin/ar: `u' modifier ignored since `D' is the default (see `U')
configure:6582: $? = 0
configure:6587: /usr/bin/ar cru libconftest.a @conftest.lst >&5
/usr/bin/ar: `u' modifier ignored since `D' is the default (see `U')
/usr/bin/ar: conftest.o: No such file or directory
configure:6590: $? = 1
configure:6602: result: @
configure:6660: checking for strip
configure:6676: found /usr/bin/strip
configure:6687: result: strip
configure:6759: checking for ranlib
configure:6775: found /usr/bin/ranlib
configure:6786: result: ranlib
configure:6888: checking command to parse /usr/bin/nm -B output from gcc object
configure:7041: gcc -c -g -O2  conftest.c >&5
configure:7044: $? = 0
configure:7048: /usr/bin/nm -B conftest.o \| sed -n -e 's/^.*[ ]\([ABCDGIRSTW][ABCDGIRSTW]*\)[ ][ ]*\([_A-Za-z][_A-Za-z0-9]*\)$/\1 \2 \2/p' | sed '/ __gnu_lto/d' \> conftest.nm
configure:7051: $? = 0
configure:7117: gcc -o conftest -g -O2   conftest.c conftstm.o >&5
configure:7120: $? = 0
configure:7158: result: ok
configure:7205: checking for sysroot
configure:7235: result: no
configure:7242: checking for a working dd
configure:7280: result: /bin/dd
configure:7284: checking how to truncate binary pipes
configure:7299: result: /bin/dd bs=4096 count=1
configure:7628: checking for mt
configure:7644: found /bin/mt
configure:7655: result: mt
configure:7678: checking if mt is a manifest tool
configure:7684: mt '-?'
configure:7692: result: no
configure:8369: checking how to run the C preprocessor
configure:8400: gcc -E  conftest.c
configure:8400: $? = 0
configure:8414: gcc -E  conftest.c
conftest.c:11:28: fatal error: ac_nonexistent.h: No such file or directory
 #include <ac_nonexistent.h>
                            ^
compilation terminated.
configure:8414: $? = 1
configure: failed program was:
| /* confdefs.h */
| #define PACKAGE_NAME "RtAudio"
| #define PACKAGE_TARNAME "rtaudio"
| #define PACKAGE_VERSION "5.1.0"
| #define PACKAGE_STRING "RtAudio 5.1.0"
| #define PACKAGE_BUGREPORT "gary@music.mcgill.ca"
| #define PACKAGE_URL ""
| #define PACKAGE "rtaudio"
| #define VERSION "5.1.0"
| /* end confdefs.h.  */
| #include <ac_nonexistent.h>
configure:8439: result: gcc -E
configure:8459: gcc -E  conftest.c
configure:8459: $? = 0
configure:8473: gcc -E  conftest.c
conftest.c:11:28: fatal error: ac_nonexistent.h: No such file or directory
 #include <ac_nonexistent.h>
                            ^
compilation terminated.
configure:8473: $? = 1
configure: failed program was:
| /* confdefs.h */
| #define PACKAGE_NAME "RtAudio"
| #define PACKAGE_TARNAME "rtaudio"
| #define PACKAGE_VERSION "5.1.0"
| #define PACKAGE_STRING "RtAudio 5.1.0"
| #define PACKAGE_BUGREPORT "gary@music.mcgill.ca"
| #define PACKAGE_URL ""
| #define PACKAGE "rtaudio"
| #define VERSION "5.1.0"
| /* end confdefs.h.  */
| #include <ac_nonexistent.h>
configure:8502: checking for ANSI C header files
configure:8522: gcc -c -g -O2  conftest.c >&5
configure:8522: $? = 0
configure:8595: gcc -o conftest -g -O2   conftest.c  >&5
configure:8595: $? = 0
configure:8595: ./conftest
configure:8595: $? = 0
configure:8606: result: yes
configure:8619: checking for sys/types.h
configure:8619: gcc -c -g -O2  conftest.c >&5
configure:8619: $? = 0
configure:8619: result: yes
configure:8619: checking for sys/stat.h
configure:8619: gcc -c -g -O2  conftest.c >&5
configure:8619: $? = 0
configure:8619: result: yes
configure:8619: checking for stdlib.h
configure:8619: gcc -c -g -O2  conftest.c >&5
configure:8619: $? = 0
configure:8619: result: yes
configure:8619: checking for string.h
configure:8619: gcc -c -g -O2  conftest.c >&5
configure:8619: $? = 0
configure:8619: result: yes
configure:8619: checking for memory.h
configure:8619: gcc -c -g -O2  conftest.c >&5
configure:8619: $? = 0
configure:8619: result: yes
configure:8619: checking for strings.h
configure:8619: gcc -c -g -O2  conftest.c >&5
configure:8619: $? = 0
configure:8619: result: yes
configure:8619: checking for inttypes.h
configure:8619: gcc -c -g -O2  conftest.c >&5
configure:8619: $? = 0
configure:8619: result: yes
configure:8619: checking for stdint.h
configure:8619: gcc -c -g -O2  conftest.c >&5
configure:8619: $? = 0
configure:8619: result: yes
configure:8619: checking for unistd.h
configure:8619: gcc -c -g -O2  conftest.c >&5
configure:8619: $? = 0
configure:8619: result: yes
configure:8633: checking for dlfcn.h
configure:8633: gcc -c -g -O2  conftest.c >&5
configure:8633: $? = 0
configure:8633: result: yes
configure:9198: checking for objdir
configure:9213: result: .libs
configure:9477: checking if gcc supports -fno-rtti -fno-exceptions
configure:9495: gcc -c -g -O2  -fno-rtti -fno-exceptions conftest.c >&5
cc1: warning: command line option '-fno-rtti' is valid for C++/ObjC++ but not for C
configure:9499: $? = 0
configure:9512: result: no
configure:9870: checking for gcc option to produce PIC
configure:9877: result: -fPIC -DPIC
configure:9885: checking if gcc PIC flag -fPIC -DPIC works
configure:9903: gcc -c -g -O2  -fPIC -DPIC -DPIC conftest.c >&5
configure:9907: $? = 0
configure:9920: result: yes
configure:9949: checking if gcc static flag -static works
configure:9977: result: yes
configure:9992: checking if gcc supports -c -o file.o
configure:10013: gcc -c -g -O2  -o out/conftest2.o conftest.c >&5
configure:10017: $? = 0
configure:10039: result: yes
configure:10047: checking if gcc supports -c -o file.o
configure:10094: result: yes
configure:10127: checking whether the gcc linker (/usr/bin/ld) supports shared libraries
configure:11390: result: yes
configure:11427: checking whether -lc should be explicitly linked in
configure:11435: gcc -c -g -O2  conftest.c >&5
configure:11438: $? = 0
configure:11453: gcc -shared  -fPIC -DPIC conftest.o  -v -Wl,-soname -Wl,conftest -o conftest 2\>\&1 \| /bin/grep  -lc  \>/dev/null 2\>\&1
configure:11456: $? = 0
configure:11470: result: no
configure:11630: checking dynamic linker characteristics
configure:12211: gcc -o conftest -g -O2   -Wl,-rpath -Wl,/foo conftest.c  >&5
configure:12211: $? = 0
configure:12460: result: GNU/Linux ld.so
configure:12582: checking how to hardcode library paths into programs
configure:12607: result: immediate
configure:13155: checking whether stripping libraries is possible
configure:13160: result: yes
configure:13195: checking if libtool supports shared libraries
configure:13197: result: yes
configure:13200: checking whether to build shared libraries
configure:13225: result: yes
configure:13228: checking whether to build static libraries
configure:13232: result: yes
configure:13255: checking how to run the C++ preprocessor
configure:13282: g++ -E  conftest.cpp
configure:13282: $? = 0
configure:13296: g++ -E  conftest.cpp
conftest.cpp:23:28: fatal error: ac_nonexistent.h: No such file or directory
 #include <ac_nonexistent.h>
                            ^
compilation terminated.
configure:13296: $? = 1
configure: failed program was:
| /* confdefs.h */
| #define PACKAGE_NAME "RtAudio"
| #define PACKAGE_TARNAME "rtaudio"
| #define PACKAGE_VERSION "5.1.0"
| #define PACKAGE_STRING "RtAudio 5.1.0"
| #define PACKAGE_BUGREPORT "gary@music.mcgill.ca"
| #define PACKAGE_URL ""
| #define PACKAGE "rtaudio"
| #define VERSION "5.1.0"
| #define STDC_HEADERS 1
| #define HAVE_SYS_TYPES_H 1
| #define HAVE_SYS_STAT_H 1
| #define HAVE_STDLIB_H 1
| #define HAVE_STRING_H 1
| #define HAVE_MEMORY_H 1
| #define HAVE_STRINGS_H 1
| #define HAVE_INTTYPES_H 1
| #define HAVE_STDINT_H 1
| #define HAVE_UNISTD_H 1
| #define HAVE_DLFCN_H 1
| #define LT_OBJDIR ".libs/"
| /* end confdefs.h.  */
| #include <ac_nonexistent.h>
configure:13321: result: g++ -E
configure:13341: g++ -E  conftest.cpp
configure:13341: $? = 0
configure:13355: g++ -E  conftest.cpp
conftest.cpp:23:28: fatal error: ac_nonexistent.h: No such file or directory
 #include <ac_nonexistent.h>
                            ^
compilation terminated.
configure:13355: $? = 1
configure: failed program was:
| /* confdefs.h */
| #define PACKAGE_NAME "RtAudio"
| #define PACKAGE_TARNAME "rtaudio"
| #define PACKAGE_VERSION "5.1.0"
| #define PACKAGE_STRING "RtAudio 5.1.0"
| #define PACKAGE_BUGREPORT "gary@music.mcgill.ca"
| #define PACKAGE_URL ""
| #define PACKAGE "rtaudio"
| #define VERSION "5.1.0"
| #define STDC_HEADERS 1
| #define HAVE_SYS_TYPES_H 1
| #define HAVE_SYS_STAT_H 1
| #define HAVE_STDLIB_H 1
| #define HAVE_STRING_H 1
| #define HAVE_MEMORY_H 1
| #define HAVE_STRINGS_H 1
| #define HAVE_INTTYPES_H 1
| #define HAVE_STDINT_H 1
| #define HAVE_UNISTD_H 1
| #define HAVE_DLFCN_H 1
| #define LT_OBJDIR ".libs/"
| /* end confdefs.h.  */
| #include <ac_nonexistent.h>
configure:13517: checking for ld used by g++
configure:13584: result: /usr/bin/ld
configure:13591: checking if the linker (/usr/bin/ld) is GNU ld
configure:13606: result: yes
configure:13661: checking whether the g++ linker (/usr/bin/ld) supports shared libraries
configure:14734: result: yes
configure:14770: g++ -c -g -O2  conftest.cpp >&5
configure:14773: $? = 0
configure:15254: checking for g++ option to produce PIC
configure:15261: result: -fPIC -DPIC
configure:15269: checking if g++ PIC flag -fPIC -DPIC works
configure:15287: g++ -c -g -O2  -fPIC -DPIC -DPIC conftest.cpp >&5
configure:15291: $? = 0
configure:15304: result: yes
configure:15327: checking if g++ static flag -static works
configure:15355: result: yes
configure:15367: checking if g++ supports -c -o file.o
configure:15388: g++ -c -g -O2  -o out/conftest2.o conftest.cpp >&5
configure:15392: $? = 0
configure:15414: result: yes
configure:15419: checking if g++ supports -c -o file.o
configure:15466: result: yes
configure:15496: checking whether the g++ linker (/usr/bin/ld) supports shared libraries
configure:15539: result: yes
configure:15680: checking dynamic linker characteristics
configure:16437: result: GNU/Linux ld.so
configure:16502: checking how to hardcode library paths into programs
configure:16527: result: immediate
configure:16591: checking for ANSI C header files
configure:16695: result: yes
configure:16706: checking sys/ioctl.h usability
configure:16706: gcc -c -g -O2  conftest.c >&5
configure:16706: $? = 0
configure:16706: result: yes
configure:16706: checking sys/ioctl.h presence
configure:16706: gcc -E  conftest.c
configure:16706: $? = 0
configure:16706: result: yes
configure:16706: checking for sys/ioctl.h
configure:16706: result: yes
configure:16706: checking for unistd.h
configure:16706: result: yes
configure:16736: checking whether to compile debug version
configure:16742: result: yes
configure:16779: checking for gettimeofday
configure:16779: gcc -o conftest -g -O2  -g -O0   conftest.c  >&5
configure:16779: $? = 0
configure:16779: result: yes
configure:16788: checking for doxygen
configure:16818: result: no
configure:16956: checking for snd_pcm_open in -lasound
configure:16981: gcc -o conftest -g -O2  -g -O0   conftest.c -lasound   >&5
configure:16981: $? = 0
configure:16990: result: yes
configure:17015: checking for pa_simple_flush in -lpulse-simple
configure:17040: gcc -o conftest -g -O2  -g -O0   conftest.c -lpulse-simple  -lasound  >&5
/usr/bin/ld: cannot find -lpulse-simple
collect2: error: ld returned 1 exit status
configure:17040: $? = 1
configure: failed program was:
| /* confdefs.h */
| #define PACKAGE_NAME "RtAudio"
| #define PACKAGE_TARNAME "rtaudio"
| #define PACKAGE_VERSION "5.1.0"
| #define PACKAGE_STRING "RtAudio 5.1.0"
| #define PACKAGE_BUGREPORT "gary@music.mcgill.ca"
| #define PACKAGE_URL ""
| #define PACKAGE "rtaudio"
| #define VERSION "5.1.0"
| #define STDC_HEADERS 1
| #define HAVE_SYS_TYPES_H 1
| #define HAVE_SYS_STAT_H 1
| #define HAVE_STDLIB_H 1
| #define HAVE_STRING_H 1
| #define HAVE_MEMORY_H 1
| #define HAVE_STRINGS_H 1
| #define HAVE_INTTYPES_H 1
| #define HAVE_STDINT_H 1
| #define HAVE_UNISTD_H 1
| #define HAVE_DLFCN_H 1
| #define LT_OBJDIR ".libs/"
| #define STDC_HEADERS 1
| #define HAVE_SYS_IOCTL_H 1
| #define HAVE_UNISTD_H 1
| #define __RTAUDIO_DEBUG__ 1
| /* end confdefs.h.  */
| 
| /* Override any GCC internal prototype to avoid an error.
|    Use char because int might match the return type of a GCC
|    builtin and then its argument prototype would still apply.  */
| #ifdef __cplusplus
| extern "C"
| #endif
| char pa_simple_flush ();
| int
| main ()
| {
| return pa_simple_flush ();
|   ;
|   return 0;
| }
configure:17049: result: no
configure:17085: checking for main in -lossaudio
configure:17104: gcc -o conftest -g -O2  -g -O0   conftest.c -lossaudio  -lasound  >&5
/usr/bin/ld: cannot find -lossaudio
collect2: error: ld returned 1 exit status
configure:17104: $? = 1
configure: failed program was:
| /* confdefs.h */
| #define PACKAGE_NAME "RtAudio"
| #define PACKAGE_TARNAME "rtaudio"
| #define PACKAGE_VERSION "5.1.0"
| #define PACKAGE_STRING "RtAudio 5.1.0"
| #define PACKAGE_BUGREPORT "gary@music.mcgill.ca"
| #define PACKAGE_URL ""
| #define PACKAGE "rtaudio"
| #define VERSION "5.1.0"
| #define STDC_HEADERS 1
| #define HAVE_SYS_TYPES_H 1
| #define HAVE_SYS_STAT_H 1
| #define HAVE_STDLIB_H 1
| #define HAVE_STRING_H 1
| #define HAVE_MEMORY_H 1
| #define HAVE_STRINGS_H 1
| #define HAVE_INTTYPES_H 1
| #define HAVE_STDINT_H 1
| #define HAVE_UNISTD_H 1
| #define HAVE_DLFCN_H 1
| #define LT_OBJDIR ".libs/"
| #define STDC_HEADERS 1
| #define HAVE_SYS_IOCTL_H 1
| #define HAVE_UNISTD_H 1
| #define __RTAUDIO_DEBUG__ 1
| /* end confdefs.h.  */
| 
| 
| int
| main ()
| {
| return main ();
|   ;
|   return 0;
| }
configure:17113: result: no
configure:17132: checking whether SNDCTL_SYSINFO is declared
configure:17132: gcc -c -g -O2  -g -O0  conftest.c >&5
conftest.c: In function 'main':
conftest.c:36:10: error: 'SNDCTL_SYSINFO' undeclared (first use in this function)
   (void) SNDCTL_SYSINFO;
          ^~~~~~~~~~~~~~
conftest.c:36:10: note: each undeclared identifier is reported only once for each function it appears in
configure:17132: $? = 1
configure: failed program was:
| /* confdefs.h */
| #define PACKAGE_NAME "RtAudio"
| #define PACKAGE_TARNAME "rtaudio"
| #define PACKAGE_VERSION "5.1.0"
| #define PACKAGE_STRING "RtAudio 5.1.0"
| #define PACKAGE_BUGREPORT "gary@music.mcgill.ca"
| #define PACKAGE_URL ""
| #define PACKAGE "rtaudio"
| #define VERSION "5.1.0"
| #define STDC_HEADERS 1
| #define HAVE_SYS_TYPES_H 1
| #define HAVE_SYS_STAT_H 1
| #define HAVE_STDLIB_H 1
| #define HAVE_STRING_H 1
| #define HAVE_MEMORY_H 1
| #define HAVE_STRINGS_H 1
| #define HAVE_INTTYPES_H 1
| #define HAVE_STDINT_H 1
| #define HAVE_UNISTD_H 1
| #define HAVE_DLFCN_H 1
| #define LT_OBJDIR ".libs/"
| #define STDC_HEADERS 1
| #define HAVE_SYS_IOCTL_H 1
| #define HAVE_UNISTD_H 1
| #define __RTAUDIO_DEBUG__ 1
| /* end confdefs.h.  */
| #include <sys/soundcard.h>
| 
| int
| main ()
| {
| #ifndef SNDCTL_SYSINFO
| #ifdef __cplusplus
|   (void) SNDCTL_SYSINFO;
| #else
|   (void) SNDCTL_SYSINFO;
| #endif
| #endif
| 
|   ;
|   return 0;
| }
configure:17132: result: no
configure:17156: checking for jack_client_open in -ljack
configure:17181: gcc -o conftest -g -O2  -g -O0   conftest.c -ljack  -lasound  >&5
/usr/bin/ld: cannot find -ljack
collect2: error: ld returned 1 exit status
configure:17181: $? = 1
configure: failed program was:
| /* confdefs.h */
| #define PACKAGE_NAME "RtAudio"
| #define PACKAGE_TARNAME "rtaudio"
| #define PACKAGE_VERSION "5.1.0"
| #define PACKAGE_STRING "RtAudio 5.1.0"
| #define PACKAGE_BUGREPORT "gary@music.mcgill.ca"
| #define PACKAGE_URL ""
| #define PACKAGE "rtaudio"
| #define VERSION "5.1.0"
| #define STDC_HEADERS 1
| #define HAVE_SYS_TYPES_H 1
| #define HAVE_SYS_STAT_H 1
| #define HAVE_STDLIB_H 1
| #define HAVE_STRING_H 1
| #define HAVE_MEMORY_H 1
| #define HAVE_STRINGS_H 1
| #define HAVE_INTTYPES_H 1
| #define HAVE_STDINT_H 1
| #define HAVE_UNISTD_H 1
| #define HAVE_DLFCN_H 1
| #define LT_OBJDIR ".libs/"
| #define STDC_HEADERS 1
| #define HAVE_SYS_IOCTL_H 1
| #define HAVE_UNISTD_H 1
| #define __RTAUDIO_DEBUG__ 1
| /* end confdefs.h.  */
| 
| /* Override any GCC internal prototype to avoid an error.
|    Use char because int might match the return type of a GCC
|    builtin and then its argument prototype would still apply.  */
| #ifdef __cplusplus
| extern "C"
| #endif
| char jack_client_open ();
| int
| main ()
| {
| return jack_client_open ();
|   ;
|   return 0;
| }
configure:17190: result: no
configure:17346: checking for pthread
configure:17348: checking for pthread_create in -lpthread
configure:17373: gcc -o conftest -g -O2  -g -O0   conftest.c -lpthread  -lasound  >&5
configure:17373: $? = 0
configure:17382: result: yes
configure:17397: checking for audio API
configure:17409: result:  ALSA
configure:17570: checking that generated files are newer than configure
configure:17576: result: done
configure:17615: creating ./config.status

## ---------------------- ##
## Running config.status. ##
## ---------------------- ##

This file was extended by RtAudio config.status 5.1.0, which was
generated by GNU Autoconf 2.69.  Invocation command line was

  CONFIG_FILES    = 
  CONFIG_HEADERS  = 
  CONFIG_LINKS    = 
  CONFIG_COMMANDS = 
  $ ./config.status 

on realtimepi

config.status:1110: creating rtaudio.pc
config.status:1110: creating Makefile
config.status:1110: creating tests/Makefile
config.status:1110: creating doc/Makefile
config.status:1110: creating doc/doxygen/Doxyfile
config.status:1313: executing depfiles commands
config.status:1313: executing libtool commands

## ---------------- ##
## Cache variables. ##
## ---------------- ##

ac_cv_build=armv7l-unknown-linux-gnueabihf
ac_cv_c_compiler_gnu=yes
ac_cv_cxx_compiler_gnu=yes
ac_cv_env_CCC_set=
ac_cv_env_CCC_value=
ac_cv_env_CC_set=
ac_cv_env_CC_value=
ac_cv_env_CFLAGS_set=
ac_cv_env_CFLAGS_value=
ac_cv_env_CPPFLAGS_set=
ac_cv_env_CPPFLAGS_value=
ac_cv_env_CPP_set=
ac_cv_env_CPP_value=
ac_cv_env_CXXCPP_set=
ac_cv_env_CXXCPP_value=
ac_cv_env_CXXFLAGS_set=
ac_cv_env_CXXFLAGS_value=
ac_cv_env_CXX_set=
ac_cv_env_CXX_value=
ac_cv_env_LDFLAGS_set=
ac_cv_env_LDFLAGS_value=
ac_cv_env_LIBS_set=
ac_cv_env_LIBS_value=
ac_cv_env_LT_SYS_LIBRARY_PATH_set=
ac_cv_env_LT_SYS_LIBRARY_PATH_value=
ac_cv_env_build_alias_set=
ac_cv_env_build_alias_value=
ac_cv_env_host_alias_set=
ac_cv_env_host_alias_value=
ac_cv_env_target_alias_set=
ac_cv_env_target_alias_value=
ac_cv_func_gettimeofday=yes
ac_cv_have_decl_SNDCTL_SYSINFO=no
ac_cv_header_dlfcn_h=yes
ac_cv_header_inttypes_h=yes
ac_cv_header_memory_h=yes
ac_cv_header_stdc=yes
ac_cv_header_stdint_h=yes
ac_cv_header_stdlib_h=yes
ac_cv_header_string_h=yes
ac_cv_header_strings_h=yes
ac_cv_header_sys_ioctl_h=yes
ac_cv_header_sys_stat_h=yes
ac_cv_header_sys_types_h=yes
ac_cv_header_unistd_h=yes
ac_cv_host=armv7l-unknown-linux-gnueabihf
ac_cv_lib_asound_snd_pcm_open=yes
ac_cv_lib_jack_jack_client_open=no
ac_cv_lib_ossaudio_main=no
ac_cv_lib_pthread_pthread_create=yes
ac_cv_lib_pulse_simple_pa_simple_flush=no
ac_cv_objext=o
ac_cv_path_AR=/usr/bin/ar
ac_cv_path_EGREP='/bin/grep -E'
ac_cv_path_FGREP='/bin/grep -F'
ac_cv_path_GREP=/bin/grep
ac_cv_path_SED=/bin/sed
ac_cv_path_install='/usr/bin/install -c'
ac_cv_path_lt_DD=/bin/dd
ac_cv_path_mkdir=/bin/mkdir
ac_cv_prog_AWK=mawk
ac_cv_prog_CPP='gcc -E'
ac_cv_prog_CXXCPP='g++ -E'
ac_cv_prog_ac_ct_AR=ar
ac_cv_prog_ac_ct_CC=gcc
ac_cv_prog_ac_ct_CXX=g++
ac_cv_prog_ac_ct_MANIFEST_TOOL=mt
ac_cv_prog_ac_ct_OBJDUMP=objdump
ac_cv_prog_ac_ct_RANLIB=ranlib
ac_cv_prog_ac_ct_STRIP=strip
ac_cv_prog_cc_c89=
ac_cv_prog_cc_g=yes
ac_cv_prog_cxx_g=yes
ac_cv_prog_make_make_set=yes
am_cv_CC_dependencies_compiler_type=gcc3
am_cv_CXX_dependencies_compiler_type=gcc3
am_cv_ar_interface=ar
am_cv_make_support_nested_variables=yes
am_cv_prog_cc_c_o=yes
lt_cv_ar_at_file=@
lt_cv_archive_cmds_need_lc=no
lt_cv_deplibs_check_method=pass_all
lt_cv_file_magic_cmd='$MAGIC_CMD'
lt_cv_file_magic_test_file=
lt_cv_ld_reload_flag=-r
lt_cv_nm_interface='BSD nm'
lt_cv_objdir=.libs
lt_cv_path_LD=/usr/bin/ld
lt_cv_path_LDCXX=/usr/bin/ld
lt_cv_path_NM='/usr/bin/nm -B'
lt_cv_path_mainfest_tool=no
lt_cv_prog_compiler_c_o=yes
lt_cv_prog_compiler_c_o_CXX=yes
lt_cv_prog_compiler_pic='-fPIC -DPIC'
lt_cv_prog_compiler_pic_CXX='-fPIC -DPIC'
lt_cv_prog_compiler_pic_works=yes
lt_cv_prog_compiler_pic_works_CXX=yes
lt_cv_prog_compiler_rtti_exceptions=no
lt_cv_prog_compiler_static_works=yes
lt_cv_prog_compiler_static_works_CXX=yes
lt_cv_prog_gnu_ld=yes
lt_cv_prog_gnu_ldcxx=yes
lt_cv_sharedlib_from_linklib_cmd='printf %s\n'
lt_cv_shlibpath_overrides_runpath=no
lt_cv_sys_global_symbol_pipe='sed -n -e '\''s/^.*[	 ]\([ABCDGIRSTW][ABCDGIRSTW]*\)[	 ][	 ]*\([_A-Za-z][_A-Za-z0-9]*\)$/\1 \2 \2/p'\'' | sed '\''/ __gnu_lto/d'\'''
lt_cv_sys_global_symbol_to_c_name_address='sed -n -e '\''s/^: \(.*\) .*$/  {"\1", (void *) 0},/p'\'' -e '\''s/^[ABCDGIRSTW][ABCDGIRSTW]* .* \(.*\)$/  {"\1", (void *) \&\1},/p'\'''
lt_cv_sys_global_symbol_to_c_name_address_lib_prefix='sed -n -e '\''s/^: \(.*\) .*$/  {"\1", (void *) 0},/p'\'' -e '\''s/^[ABCDGIRSTW][ABCDGIRSTW]* .* \(lib.*\)$/  {"\1", (void *) \&\1},/p'\'' -e '\''s/^[ABCDGIRSTW][ABCDGIRSTW]* .* \(.*\)$/  {"lib\1", (void *) \&\1},/p'\'''
lt_cv_sys_global_symbol_to_cdecl='sed -n -e '\''s/^T .* \(.*\)$/extern int \1();/p'\'' -e '\''s/^[ABCDGIRSTW][ABCDGIRSTW]* .* \(.*\)$/extern char \1;/p'\'''
lt_cv_sys_global_symbol_to_import=
lt_cv_sys_max_cmd_len=1572864
lt_cv_to_host_file_cmd=func_convert_file_noop
lt_cv_to_tool_file_cmd=func_convert_file_noop
lt_cv_truncate_bin='/bin/dd bs=4096 count=1'

## ----------------- ##
## Output variables. ##
## ----------------- ##

ACLOCAL='${SHELL} /home/pi/ANC-Headphones-repository-/libraries/rtaudio-5.1.0/config/missing aclocal-1.15'
AMDEPBACKSLASH='\'
AMDEP_FALSE='#'
AMDEP_TRUE=''
AMTAR='$${TAR-tar}'
AM_BACKSLASH='\'
AM_DEFAULT_V='$(AM_DEFAULT_VERBOSITY)'
AM_DEFAULT_VERBOSITY='1'
AM_V='$(V)'
AR='/usr/bin/ar'
AS='as'
ASIO_FALSE=''
ASIO_TRUE='#'
AUTOCONF='${SHELL} /home/pi/ANC-Headphones-repository-/libraries/rtaudio-5.1.0/config/missing autoconf'
AUTOHEADER='${SHELL} /home/pi/ANC-Headphones-repository-/libraries/rtaudio-5.1.0/config/missing autoheader'
AUTOMAKE='${SHELL} /home/pi/ANC-Headphones-repository-/libraries/rtaudio-5.1.0/config/missing automake-1.15'
AWK='mawk'
CC='gcc'
CCDEPMODE='depmode=gcc3'
CFLAGS='-g -O2  -g -O0'
CPP='gcc -E'
CPPFLAGS='  -D__LINUX_ALSA__'
CXX='g++'
CXXCPP='g++ -E'
CXXDEPMODE='depmode=gcc3'
CXXFLAGS='-Werror -Wno-error=unused-function -Wall -Wextra -g -O2  -g -O0'
CYGPATH_W='echo'
DEFS='-DPACKAGE_NAME=\"RtAudio\" -DPACKAGE_TARNAME=\"rtaudio\" -DPACKAGE_VERSION=\"5.1.0\" -DPACKAGE_STRING=\"RtAudio\ 5.1.0\" -DPACKAGE_BUGREPORT=\"gary@music.mcgill.ca\" -DPACKAGE_URL=\"\" -DPACKAGE=\"rtaudio\" -DVERSION=\"5.1.0\" -DSTDC_HEADERS=1 -DHAVE_SYS_TYPES_H=1 -DHAVE_SYS_STAT_H=1 -DHAVE_STDLIB_H=1 -DHAVE_STRING_H=1 -DHAVE_MEMORY_H=1 -DHAVE_STRINGS_H=1 -DHAVE_INTTYPES_H=1 -DHAVE_STDINT_H=1 -DHAVE_UNISTD_H=1 -DHAVE_DLFCN_H=1 -DLT_OBJDIR=\".libs/\" -DSTDC_HEADERS=1 -DHAVE_SYS_IOCTL_H=1 -DHAVE_UNISTD_H=1 -D__RTAUDIO_DEBUG__=1 -DHAVE_LIBPTHREAD=1'
DEPDIR='.deps'
DLLTOOL='false'
DOXYGEN=''
DSYMUTIL=''
DUMPBIN=''
ECHO_C=''
ECHO_N='-n'
ECHO_T=''
EGREP='/bin/grep -E'
EXEEXT=''
FGREP='/bin/grep -F'
GREP='/bin/grep'
INSTALL_DATA='${INSTALL} -m 644'
INSTALL_PROGRAM='${INSTALL}'
INSTALL_SCRIPT='${INSTALL}'
INSTALL_STRIP_PROGRAM='$(install_sh) -c -s'
LD='/usr/bin/ld'
LDFLAGS=''
LIBOBJS=''
LIBS='-lpthread -lasound '
LIBTOOL='$(SHELL) $(top_builddir)/libtool'
LIPO=''
LN_S='ln -s'
LTLIBOBJS=''
LT_SYS_LIBRARY_PATH=''
MAINT=''
MAINTAINER_MODE_FALSE='#'
MAINTAINER_MODE_TRUE=''
MAKEINFO='${SHELL} /home/pi/ANC-Headphones-repository-/libraries/rtaudio-5.1.0/config/missing makeinfo'
MAKE_DOC_FALSE=''
MAKE_DOC_TRUE='#'
MANIFEST_TOOL=':'
MKDIR_P='/bin/mkdir -p'
NM='/usr/bin/nm -B'
NMEDIT=''
OBJDUMP='objdump'
OBJEXT='o'
OTOOL64=''
OTOOL=''
PACKAGE='rtaudio'
PACKAGE_BUGREPORT='gary@music.mcgill.ca'
PACKAGE_NAME='RtAudio'
PACKAGE_STRING='RtAudio 5.1.0'
PACKAGE_TARNAME='rtaudio'
PACKAGE_URL=''
PACKAGE_VERSION='5.1.0'
PATH_SEPARATOR=':'
RANLIB='ranlib'
SED='/bin/sed'
SET_MAKE=''
SHELL='/bin/bash'
SO_VERSION='6:1:0'
STRIP='strip'
VERSION='5.1.0'
ac_ct_AR='ar'
ac_ct_CC='gcc'
ac_ct_CXX='g++'
ac_ct_DUMPBIN=''
am__EXEEXT_FALSE=''
am__EXEEXT_TRUE='#'
am__fastdepCC_FALSE='#'
am__fastdepCC_TRUE=''
am__fastdepCXX_FALSE='#'
am__fastdepCXX_TRUE=''
am__include='include'
am__isrc=''
am__leading_dot='.'
am__nodep='_no'
am__quote=''
am__tar='$${TAR-tar} chof - "$$tardir"'
am__untar='$${TAR-tar} xf -'
api=' -D__LINUX_ALSA__'
bindir='${exec_prefix}/bin'
build='armv7l-unknown-linux-gnueabihf'
build_alias=''
build_cpu='armv7l'
build_os='linux-gnueabihf'
build_vendor='unknown'
datadir='${datarootdir}'
datarootdir='${prefix}/share'
docdir='${datarootdir}/doc/${PACKAGE_TARNAME}'
dvidir='${docdir}'
exec_prefix='${prefix}'
host='armv7l-unknown-linux-gnueabihf'
host_alias=''
host_cpu='armv7l'
host_os='linux-gnueabihf'
host_vendor='unknown'
htmldir='${docdir}'
includedir='${prefix}/include'
infodir='${datarootdir}/info'
install_sh='${SHELL} /home/pi/ANC-Headphones-repository-/libraries/rtaudio-5.1.0/config/install-sh'
libdir='${exec_prefix}/lib'
libexecdir='${exec_prefix}/libexec'
localedir='${datarootdir}/locale'
localstatedir='${prefix}/var'
mandir='${datarootdir}/man'
mkdir_p='$(MKDIR_P)'
oldincludedir='/usr/include'
pdfdir='${docdir}'
prefix='/usr/local'
program_transform_name='s,x,x,'
psdir='${docdir}'
req=' alsa'
runstatedir='${localstatedir}/run'
sbindir='${exec_prefix}/sbin'
sharedstatedir='${prefix}/com'
sysconfdir='${prefix}/etc'
target_alias=''
visibility=''

## ----------- ##
## confdefs.h. ##
## ----------- ##

/* confdefs.h */
#define PACKAGE_NAME "RtAudio"
#define PACKAGE_TARNAME "rtaudio"
#define PACKAGE_VERSION "5.1.0"
#define PACKAGE_STRING "RtAudio 5.1.0"
#define PACKAGE_BUGREPORT "gary@music.mcgill.ca"
#define PACKAGE_URL ""
#define PACKAGE "rtaudio"
#define VERSION "5.1.0"
#define STDC_HEADERS 1
#define HAVE_SYS_TYPES_H 1
#define HAVE_SYS_STAT_H 1
#define HAVE_STDLIB_H 1
#define HAVE_STRING_H 1
#define HAVE_MEMORY_H 1
#define HAVE_STRINGS_H 1
#define HAVE_INTTYPES_H 1
#define HAVE_STDINT_H 1
#define HAVE_UNISTD_H 1
#define HAVE_DLFCN_H 1
#define LT_OBJDIR ".libs/"
#define STDC_HEADERS 1
#define HAVE_SYS_IOCTL_H 1
#define HAVE_UNISTD_H 1
#define __RTAUDIO_DEBUG__ 1
#define HAVE_LIBPTHREAD 1

configure: exit 0
