c:\users\michu\downloads\freertosv10.2.1\freertos\demo\win32-msvc\debug\vc141.pdb
c:\users\michu\downloads\freertosv10.2.1\freertos\demo\win32-msvc\debug\vc141.idb
c:\users\michu\downloads\freertosv10.2.1\freertos\demo\win32-msvc\debug\qpeek.obj
c:\users\michu\downloads\freertosv10.2.1\freertos\demo\win32-msvc\debug\queueoverwrite.obj
c:\users\michu\downloads\freertosv10.2.1\freertos\demo\win32-msvc\debug\queueset.obj
c:\users\michu\downloads\freertosv10.2.1\freertos\demo\win32-msvc\debug\queuesetpolling.obj
c:\users\michu\downloads\freertosv10.2.1\freertos\demo\win32-msvc\debug\recmutex.obj
c:\users\michu\downloads\freertosv10.2.1\freertos\demo\win32-msvc\debug\semtest.obj
c:\users\michu\downloads\freertosv10.2.1\freertos\demo\win32-msvc\debug\staticallocation.obj
c:\users\michu\downloads\freertosv10.2.1\freertos\demo\win32-msvc\debug\messagebufferdemo.obj
c:\users\michu\downloads\freertosv10.2.1\freertos\demo\win32-msvc\debug\streambufferdemo.obj
c:\users\michu\downloads\freertosv10.2.1\freertos\demo\win32-msvc\debug\streambufferinterrupt.obj
c:\users\michu\downloads\freertosv10.2.1\freertos\demo\win32-msvc\debug\tasknotify.obj
c:\users\michu\downloads\freertosv10.2.1\freertos\demo\win32-msvc\debug\timerdemo.obj
c:\users\michu\downloads\freertosv10.2.1\freertos\demo\win32-msvc\debug\main.obj
c:\users\michu\downloads\freertosv10.2.1\freertos\demo\win32-msvc\debug\list.obj
c:\users\michu\downloads\freertosv10.2.1\freertos\demo\win32-msvc\debug\port.obj
c:\users\michu\downloads\freertosv10.2.1\freertos\demo\win32-msvc\debug\queue.obj
c:\users\michu\downloads\freertosv10.2.1\freertos\demo\win32-msvc\debug\tasks.obj
c:\users\michu\downloads\freertosv10.2.1\freertos\demo\win32-msvc\debug\main_blinky.obj
c:\users\michu\downloads\freertosv10.2.1\freertos\demo\win32-msvc\debug\main_full.obj
c:\users\michu\downloads\freertosv10.2.1\freertos\demo\win32-msvc\debug\run-time-stats-utils.obj
c:\users\michu\downloads\freertosv10.2.1\freertos\demo\win32-msvc\debug\trckernelport.obj
c:\users\michu\downloads\freertosv10.2.1\freertos\demo\win32-msvc\debug\trcsnapshotrecorder.obj
c:\users\michu\downloads\freertosv10.2.1\freertos\demo\win32-msvc\debug\croutine.obj
c:\users\michu\downloads\freertosv10.2.1\freertos\demo\win32-msvc\debug\event_groups.obj
c:\users\michu\downloads\freertosv10.2.1\freertos\demo\win32-msvc\debug\heap_5.obj
c:\users\michu\downloads\freertosv10.2.1\freertos\demo\win32-msvc\debug\stream_buffer.obj
c:\users\michu\downloads\freertosv10.2.1\freertos\demo\win32-msvc\debug\timers.obj
c:\users\michu\downloads\freertosv10.2.1\freertos\demo\win32-msvc\debug\abortdelay.obj
c:\users\michu\downloads\freertosv10.2.1\freertos\demo\win32-msvc\debug\blockq.obj
c:\users\michu\downloads\freertosv10.2.1\freertos\demo\win32-msvc\debug\blocktim.obj
c:\users\michu\downloads\freertosv10.2.1\freertos\demo\win32-msvc\debug\countsem.obj
c:\users\michu\downloads\freertosv10.2.1\freertos\demo\win32-msvc\debug\death.obj
c:\users\michu\downloads\freertosv10.2.1\freertos\demo\win32-msvc\debug\dynamic.obj
c:\users\michu\downloads\freertosv10.2.1\freertos\demo\win32-msvc\debug\eventgroupsdemo.obj
c:\users\michu\downloads\freertosv10.2.1\freertos\demo\win32-msvc\debug\flop.obj
c:\users\michu\downloads\freertosv10.2.1\freertos\demo\win32-msvc\debug\genqtest.obj
c:\users\michu\downloads\freertosv10.2.1\freertos\demo\win32-msvc\debug\integer.obj
c:\users\michu\downloads\freertosv10.2.1\freertos\demo\win32-msvc\debug\intsemtest.obj
c:\users\michu\downloads\freertosv10.2.1\freertos\demo\win32-msvc\debug\messagebufferamp.obj
c:\users\michu\downloads\freertosv10.2.1\freertos\demo\win32-msvc\debug\pollq.obj
c:\users\michu\downloads\freertosv10.2.1\freertos\demo\win32-msvc\debug\rtosdemo.exe
c:\users\michu\downloads\freertosv10.2.1\freertos\demo\win32-msvc\debug\rtosdemo.ilk
c:\users\michu\downloads\freertosv10.2.1\freertos\demo\win32-msvc\debug\win32.pdb
c:\users\michu\downloads\freertosv10.2.1\freertos\demo\win32-msvc\.\debug\rtosdemo.exe
c:\users\michu\downloads\freertosv10.2.1\freertos\demo\win32-msvc\debug\rtosdemo.tlog\cl.command.1.tlog
c:\users\michu\downloads\freertosv10.2.1\freertos\demo\win32-msvc\debug\rtosdemo.tlog\cl.read.1.tlog
c:\users\michu\downloads\freertosv10.2.1\freertos\demo\win32-msvc\debug\rtosdemo.tlog\cl.write.1.tlog
c:\users\michu\downloads\freertosv10.2.1\freertos\demo\win32-msvc\debug\rtosdemo.tlog\link.command.1.tlog
c:\users\michu\downloads\freertosv10.2.1\freertos\demo\win32-msvc\debug\rtosdemo.tlog\link.read.1.tlog
c:\users\michu\downloads\freertosv10.2.1\freertos\demo\win32-msvc\debug\rtosdemo.tlog\link.write.1.tlog
