  pa_allocation.c
  pa_converters.c
  pa_cpuload.c
  pa_debugprint.c
  pa_dither.c
  pa_front.c
  pa_process.c
  pa_ringbuffer.c
  pa_stream.c
  pa_trace.c
  pa_win_ds.c
  pa_win_ds_dynlink.c
  pa_hostapi_skeleton.c
  pa_win_wasapi.c
  pa_win_wdmks.c
  pa_win_wmme.c
  pa_win_coinitialize.c
  pa_win_hostapis.c
  pa_win_util.c
  pa_win_waveformat.c
  Generowanie kodu...
  Trwa kompilowanie...
  pa_win_wdmks_utils.c
  pa_x86_plain_converters.c
  Generowanie kodu...
  asio.cpp
  asiodrivers.cpp
  asiolist.cpp
  pa_asio.cpp
  Generowanie kodu...
C:\Program Files (x86)\Microsoft Visual Studio\2017\Community\Common7\IDE\VC\VCTargets\Microsoft.CppBuild.targets(1216,5): warning MSB8012: Wartość TargetPath(C:\Users\michu\source\repos\ANC_inz_v0\ANC_inz_v0\portaudio\build\msvc\Win32\Release\portaudio.dll) jest niezgodna z wartością właściwości OutputFile obiektu Linker (C:\Users\michu\source\repos\ANC_inz_v0\ANC_inz_v0\portaudio\build\msvc\Win32\Release\portaudio_x86.dll). Może to spowodować, że projekt zostanie niepoprawnie skompilowany. Aby rozwiązać ten problem, upewnij się, że wartości właściwości $(OutDir), $(TargetName) i $(TargetExt) są zgodne z wartością określoną we właściwości %(Link.OutputFile). 
C:\Program Files (x86)\Microsoft Visual Studio\2017\Community\Common7\IDE\VC\VCTargets\Microsoft.CppBuild.targets(1218,5): warning MSB8012: Wartość TargetName(portaudio) jest niezgodna z wartością właściwości OutputFile obiektu Linker (portaudio_x86). Może to spowodować, że projekt zostanie niepoprawnie skompilowany. Aby rozwiązać ten problem, upewnij się, że wartości właściwości $(OutDir), $(TargetName) i $(TargetExt) są zgodne z wartością określoną we właściwości %(Link.OutputFile). 
     Trwa tworzenie biblioteki Win32\Release\portaudio_x86.lib i obiektu Win32\Release\portaudio_x86.exp
  portaudio.vcxproj -> C:\Users\michu\source\repos\ANC_inz_v0\ANC_inz_v0\portaudio\build\msvc\Win32\Release\portaudio.dll
